RedPacket/build/intermediates/manifest_merge_blame_file/release/manifest-merger-blame-release-report.txt
1<?xml version="1.0" encoding="utf-8"?>
2<manifest xmlns:android="http://schemas.android.com/apk/res/android"
3    package="com.jrmf360.rylib"
4    android:versionCode="20190117"
5    android:versionName="2.0.1" >
6
7    <uses-sdk
8        android:minSdkVersion="16"
8-->src\main\AndroidManifest.xml
9        android:targetSdkVersion="23" />
9-->src\main\AndroidManifest.xml
10
11    <uses-permission android:name="android.permission.INTERNET" />
11-->src\main\AndroidManifest.xml:4:5-67
11-->src\main\AndroidManifest.xml:4:22-64
12    <uses-permission android:name="android.permission.ACCESS_NETWORK_STATE" />
12-->src\main\AndroidManifest.xml:5:5-79
12-->src\main\AndroidManifest.xml:5:22-76
13    <uses-permission android:name="android.permission.ACCESS_WIFI_STATE" />
13-->src\main\AndroidManifest.xml:6:5-76
13-->src\main\AndroidManifest.xml:6:22-73
14    <uses-permission android:name="android.permission.READ_PHONE_STATE" />
14-->src\main\AndroidManifest.xml:7:5-75
14-->src\main\AndroidManifest.xml:7:22-72
15    <uses-permission android:name="android.permission.WRITE_EXTERNAL_STORAGE" />
15-->src\main\AndroidManifest.xml:8:5-81
15-->src\main\AndroidManifest.xml:8:22-78
16    <uses-permission android:name="android.permission.READ_EXTERNAL_STORAGE" />
16-->src\main\AndroidManifest.xml:9:5-80
16-->src\main\AndroidManifest.xml:9:22-77
17    <uses-permission android:name="android.permission.ACCESS_FINE_LOCATION" />
17-->src\main\AndroidManifest.xml:10:5-79
17-->src\main\AndroidManifest.xml:10:22-76
18    <uses-permission android:name="android.permission.ACCESS_COARSE_LOCATION" />
18-->src\main\AndroidManifest.xml:11:5-81
18-->src\main\AndroidManifest.xml:11:22-78
19    <uses-permission android:name="android.permission.READ_PHONE_STATE" />
19-->src\main\AndroidManifest.xml:7:5-75
19-->src\main\AndroidManifest.xml:7:22-72
20
21    <application>
21-->src\main\AndroidManifest.xml:14:5-160:19
22        <activity
22-->src\main\AndroidManifest.xml:15:9-17:76
23            android:name="com.jrmf360.rylib.rp.ui.AddCardActivity"
23-->src\main\AndroidManifest.xml:16:13-67
24            android:configChanges="keyboardHidden|orientation|screenSize" />
24-->src\main\AndroidManifest.xml:17:13-74
25        <activity
25-->src\main\AndroidManifest.xml:18:9-20:76
26            android:name="com.jrmf360.rylib.rp.ui.AddCardFirsstActivity"
26-->src\main\AndroidManifest.xml:19:13-73
27            android:configChanges="keyboardHidden|orientation|screenSize" />
27-->src\main\AndroidManifest.xml:20:13-74
28        <activity
28-->src\main\AndroidManifest.xml:21:9-23:76
29            android:name="com.jrmf360.rylib.rp.ui.AddCardSecondActivity"
29-->src\main\AndroidManifest.xml:22:13-73
30            android:configChanges="keyboardHidden|orientation|screenSize" />
30-->src\main\AndroidManifest.xml:23:13-74
31        <activity
31-->src\main\AndroidManifest.xml:24:9-26:76
32            android:name="com.jrmf360.rylib.rp.ui.BankCardListActivity"
32-->src\main\AndroidManifest.xml:25:13-72
33            android:configChanges="keyboardHidden|orientation|screenSize" />
33-->src\main\AndroidManifest.xml:26:13-74
34        <activity
34-->src\main\AndroidManifest.xml:27:9-29:76
35            android:name="com.jrmf360.rylib.rp.ui.EnBrowserActivity"
35-->src\main\AndroidManifest.xml:28:13-69
36            android:configChanges="keyboardHidden|orientation|screenSize" />
36-->src\main\AndroidManifest.xml:29:13-74
37        <activity
37-->src\main\AndroidManifest.xml:30:9-34:76
38            android:name="com.jrmf360.rylib.rp.ui.PayTypeActivity"
38-->src\main\AndroidManifest.xml:31:13-67
39            android:configChanges="keyboardHidden|orientation|screenSize"
39-->src\main\AndroidManifest.xml:34:13-74
40            android:theme="@style/jrmf_dialog"
40-->src\main\AndroidManifest.xml:32:13-47
41            android:windowSoftInputMode="adjustResize" />
41-->src\main\AndroidManifest.xml:33:13-55
42        <activity
42-->src\main\AndroidManifest.xml:35:9-40:76
43            android:name="com.jrmf360.rylib.rp.ui.TransPayActivity"
43-->src\main\AndroidManifest.xml:36:13-68
44            android:configChanges="keyboardHidden|orientation|screenSize"
44-->src\main\AndroidManifest.xml:40:13-74
45            android:launchMode="singleTask"
45-->src\main\AndroidManifest.xml:37:13-44
46            android:theme="@style/jrmf_dialog"
46-->src\main\AndroidManifest.xml:38:13-47
47            android:windowSoftInputMode="adjustResize" />
47-->src\main\AndroidManifest.xml:39:13-55
48        <activity
48-->src\main\AndroidManifest.xml:41:9-43:76
49            android:name="com.jrmf360.rylib.rp.ui.RealNameActivity"
49-->src\main\AndroidManifest.xml:42:13-68
50            android:configChanges="keyboardHidden|orientation|screenSize" />
50-->src\main\AndroidManifest.xml:43:13-74
51        <activity
51-->src\main\AndroidManifest.xml:45:9-47:76
52            android:name="com.jrmf360.rylib.rp.ui.ResetPswdActivity"
52-->src\main\AndroidManifest.xml:46:13-69
53            android:configChanges="keyboardHidden|orientation|screenSize" />
53-->src\main\AndroidManifest.xml:47:13-74
54        <activity
54-->src\main\AndroidManifest.xml:48:9-50:76
55            android:name="com.jrmf360.rylib.rp.ui.SendGroupEnvelopesActivity"
55-->src\main\AndroidManifest.xml:49:13-78
56            android:configChanges="keyboardHidden|orientation|screenSize" />
56-->src\main\AndroidManifest.xml:50:13-74
57        <activity
57-->src\main\AndroidManifest.xml:51:9-53:76
58            android:name="com.jrmf360.rylib.rp.ui.SendSingleEnvelopesActivity"
58-->src\main\AndroidManifest.xml:52:13-79
59            android:configChanges="keyboardHidden|orientation|screenSize" />
59-->src\main\AndroidManifest.xml:53:13-74
60        <activity
60-->src\main\AndroidManifest.xml:54:9-56:76
61            android:name="com.jrmf360.rylib.rp.ui.SettingPswdActivity"
61-->src\main\AndroidManifest.xml:55:13-71
62            android:configChanges="keyboardHidden|orientation|screenSize" />
62-->src\main\AndroidManifest.xml:56:13-74
63        <activity
63-->src\main\AndroidManifest.xml:57:9-59:76
64            android:name="com.jrmf360.rylib.rp.ui.RpDetailActivity"
64-->src\main\AndroidManifest.xml:58:13-68
65            android:configChanges="keyboardHidden|orientation|screenSize" />
65-->src\main\AndroidManifest.xml:59:13-74
66        <activity
66-->src\main\AndroidManifest.xml:60:9-62:76
67            android:name="com.jrmf360.rylib.rp.ui.MyRpActivity"
67-->src\main\AndroidManifest.xml:61:13-64
68            android:configChanges="keyboardHidden|orientation|screenSize" />
68-->src\main\AndroidManifest.xml:62:13-74
69        <activity
69-->src\main\AndroidManifest.xml:63:9-65:76
70            android:name="com.jrmf360.rylib.rp.ui.FindPwdByInfoActivity"
70-->src\main\AndroidManifest.xml:64:13-73
71            android:configChanges="keyboardHidden|orientation|screenSize" />
71-->src\main\AndroidManifest.xml:65:13-74
72        <activity
72-->src\main\AndroidManifest.xml:66:9-68:76
73            android:name="com.jrmf360.rylib.rp.ui.TransAccountActivity"
73-->src\main\AndroidManifest.xml:67:13-72
74            android:configChanges="keyboardHidden|orientation|screenSize" />
74-->src\main\AndroidManifest.xml:68:13-74
75        <activity
75-->src\main\AndroidManifest.xml:69:9-71:76
76            android:name="com.jrmf360.rylib.rp.ui.TransSuccActivity"
76-->src\main\AndroidManifest.xml:70:13-69
77            android:configChanges="keyboardHidden|orientation|screenSize" />
77-->src\main\AndroidManifest.xml:71:13-74
78        <activity
78-->src\main\AndroidManifest.xml:72:9-74:76
79            android:name="com.jrmf360.rylib.rp.ui.TransDetailActivity"
79-->src\main\AndroidManifest.xml:73:13-71
80            android:configChanges="keyboardHidden|orientation|screenSize" />
80-->src\main\AndroidManifest.xml:74:13-74
81
82        <!-- 钱包 配置开始 -->
83        <activity
83-->src\main\AndroidManifest.xml:78:9-81:77
84            android:name="com.jrmf360.rylib.wallet.ui.MyWalletActivity"
84-->src\main\AndroidManifest.xml:79:13-72
85            android:configChanges="keyboardHidden|orientation|screenSize"
85-->src\main\AndroidManifest.xml:81:13-74
86            android:launchMode="singleTask" />
86-->src\main\AndroidManifest.xml:80:13-44
87        <activity
87-->src\main\AndroidManifest.xml:82:9-84:76
88            android:name="com.jrmf360.rylib.wallet.ui.AccountInfoActivity"
88-->src\main\AndroidManifest.xml:83:13-75
89            android:configChanges="keyboardHidden|orientation|screenSize" />
89-->src\main\AndroidManifest.xml:84:13-74
90        <activity
90-->src\main\AndroidManifest.xml:85:9-87:76
91            android:name="com.jrmf360.rylib.wallet.ui.TradeHistoryActivity"
91-->src\main\AndroidManifest.xml:86:13-76
92            android:configChanges="keyboardHidden|orientation|screenSize" />
92-->src\main\AndroidManifest.xml:87:13-74
93        <activity
93-->src\main\AndroidManifest.xml:88:9-90:76
94            android:name="com.jrmf360.rylib.wallet.ui.SecureSettingActivity"
94-->src\main\AndroidManifest.xml:89:13-77
95            android:configChanges="keyboardHidden|orientation|screenSize" />
95-->src\main\AndroidManifest.xml:90:13-74
96        <activity
96-->src\main\AndroidManifest.xml:91:9-93:76
97            android:name="com.jrmf360.rylib.wallet.ui.SetPayPwdActivity"
97-->src\main\AndroidManifest.xml:92:13-73
98            android:configChanges="keyboardHidden|orientation|screenSize" />
98-->src\main\AndroidManifest.xml:93:13-74
99        <activity
99-->src\main\AndroidManifest.xml:94:9-96:76
100            android:name="com.jrmf360.rylib.wallet.ui.IdentityAuthenActivity"
100-->src\main\AndroidManifest.xml:95:13-78
101            android:configChanges="keyboardHidden|orientation|screenSize" />
101-->src\main\AndroidManifest.xml:96:13-74
102        <activity
102-->src\main\AndroidManifest.xml:97:9-99:76
103            android:name="com.jrmf360.rylib.wallet.ui.UpdatePwdActivity"
103-->src\main\AndroidManifest.xml:98:13-73
104            android:configChanges="keyboardHidden|orientation|screenSize" />
104-->src\main\AndroidManifest.xml:99:13-74
105        <activity
105-->src\main\AndroidManifest.xml:100:9-102:76
106            android:name="com.jrmf360.rylib.wallet.ui.GetPwdActivity"
106-->src\main\AndroidManifest.xml:101:13-70
107            android:configChanges="keyboardHidden|orientation|screenSize" />
107-->src\main\AndroidManifest.xml:102:13-74
108        <activity
108-->src\main\AndroidManifest.xml:103:9-105:76
109            android:name="com.jrmf360.rylib.wallet.ui.SupportBankCardActivity"
109-->src\main\AndroidManifest.xml:104:13-79
110            android:configChanges="keyboardHidden|orientation|screenSize" />
110-->src\main\AndroidManifest.xml:105:13-74
111        <activity
111-->src\main\AndroidManifest.xml:106:9-108:76
112            android:name="com.jrmf360.rylib.wallet.ui.BankSettingActivity"
112-->src\main\AndroidManifest.xml:107:13-75
113            android:configChanges="keyboardHidden|orientation|screenSize" />
113-->src\main\AndroidManifest.xml:108:13-74
114        <activity
114-->src\main\AndroidManifest.xml:109:9-111:76
115            android:name="com.jrmf360.rylib.wallet.ui.AddCardSecondActivity"
115-->src\main\AndroidManifest.xml:110:13-77
116            android:configChanges="keyboardHidden|orientation|screenSize" />
116-->src\main\AndroidManifest.xml:111:13-74
117        <activity
117-->src\main\AndroidManifest.xml:112:9-114:76
118            android:name="com.jrmf360.rylib.wallet.ui.AddCardFirstActivity"
118-->src\main\AndroidManifest.xml:113:13-76
119            android:configChanges="keyboardHidden|orientation|screenSize" />
119-->src\main\AndroidManifest.xml:114:13-74
120        <activity
120-->src\main\AndroidManifest.xml:115:9-117:76
121            android:name="com.jrmf360.rylib.wallet.ui.RechargeActivity"
121-->src\main\AndroidManifest.xml:116:13-72
122            android:configChanges="keyboardHidden|orientation|screenSize" />
122-->src\main\AndroidManifest.xml:117:13-74
123        <activity
123-->src\main\AndroidManifest.xml:119:9-122:76
124            android:name="com.jrmf360.rylib.wallet.ui.GetDepositActivity"
124-->src\main\AndroidManifest.xml:120:13-74
125            android:configChanges="keyboardHidden|orientation|screenSize"
125-->src\main\AndroidManifest.xml:122:13-74
126            android:windowSoftInputMode="adjustResize|stateHidden" />
126-->src\main\AndroidManifest.xml:121:13-67
127        <activity
127-->src\main\AndroidManifest.xml:123:9-125:76
128            android:name="com.jrmf360.rylib.wallet.ui.PwdCheckActivity"
128-->src\main\AndroidManifest.xml:124:13-72
129            android:configChanges="keyboardHidden|orientation|screenSize" />
129-->src\main\AndroidManifest.xml:125:13-74
130        <activity
130-->src\main\AndroidManifest.xml:126:9-128:76
131            android:name="com.jrmf360.rylib.wallet.ui.MyRpActivity"
131-->src\main\AndroidManifest.xml:127:13-68
132            android:configChanges="keyboardHidden|orientation|screenSize" />
132-->src\main\AndroidManifest.xml:128:13-74
133        <activity
133-->src\main\AndroidManifest.xml:129:9-131:76
134            android:name="com.jrmf360.rylib.wallet.ui.SelectSubBankActivity"
134-->src\main\AndroidManifest.xml:130:13-77
135            android:configChanges="keyboardHidden|orientation|screenSize" />
135-->src\main\AndroidManifest.xml:131:13-74
136        <activity
136-->src\main\AndroidManifest.xml:132:9-134:76
137            android:name="com.jrmf360.rylib.wallet.ui.WebViewActivity"
137-->src\main\AndroidManifest.xml:133:13-71
138            android:configChanges="keyboardHidden|orientation|screenSize" />
138-->src\main\AndroidManifest.xml:134:13-74
139        <activity
139-->src\main\AndroidManifest.xml:135:9-137:76
140            android:name="com.jrmf360.rylib.wallet.ui.TradeDetailActivity"
140-->src\main\AndroidManifest.xml:136:13-75
141            android:configChanges="keyboardHidden|orientation|screenSize" />
141-->src\main\AndroidManifest.xml:137:13-74
142
143        <!-- 钱包配置结束 -->
144
145
146        <!-- 支付宝 begin -->
147        <activity
147-->src\main\AndroidManifest.xml:143:9-150:20
148            android:name="com.alipay.sdk.app.H5PayActivity"
148-->src\main\AndroidManifest.xml:144:13-60
149            android:configChanges="orientation|keyboardHidden|navigation|screenSize"
149-->src\main\AndroidManifest.xml:145:13-85
150            android:exported="false"
150-->src\main\AndroidManifest.xml:146:13-37
151            android:screenOrientation="behind"
151-->src\main\AndroidManifest.xml:147:13-47
152            android:windowSoftInputMode="adjustResize|stateHidden" >
152-->src\main\AndroidManifest.xml:148:13-67
153        </activity>
154        <activity
154-->src\main\AndroidManifest.xml:151:9-157:20
155            android:name="com.alipay.sdk.auth.AuthActivity"
155-->src\main\AndroidManifest.xml:152:13-60
156            android:configChanges="orientation|keyboardHidden|navigation"
156-->src\main\AndroidManifest.xml:153:13-74
157            android:exported="false"
157-->src\main\AndroidManifest.xml:154:13-37
158            android:screenOrientation="behind" >
158-->src\main\AndroidManifest.xml:155:13-47
159        </activity>
160        <!-- 支付宝 end -->
161
162    </application>
163
164</manifest>